<?xml version="1.0" encoding="UTF-8"?>
<testsuite xmlns:xsi="http://www.w3.org/2001/XMLSchema-instance" xsi:noNamespaceSchemaLocation="https://maven.apache.org/surefire/maven-surefire-plugin/xsd/surefire-test-report.xsd" name="com.ozeryavuzaslan.soap.webservices.coursemanagement.coursemanagement.coursemanagement.CourseManagementApplicationTests" time="0.184" tests="1" errors="1" skipped="0" failures="0">
  <properties>
[...]
</properties>
  <testcase name="com.ozeryavuzaslan.soap.webservices.coursemanagement.coursemanagement.coursemanagement.CourseManagementApplicationTests" classname="com.ozeryavuzaslan.soap.webservices.coursemanagement.coursemanagement.coursemanagement.CourseManagementApplicationTests" time="0.184">
    <error message="Unable to find a @SpringBootConfiguration, you need to use @ContextConfiguration or @SpringBootTest(classes=...) with your test" type="java.lang.IllegalStateException">java.lang.IllegalStateException: Unable to find a @SpringBootConfiguration, you need to use @ContextConfiguration or @SpringBootTest(classes=...) with your test
</error>
    <system-out><![CDATA[00:46:16.765 [main] DEBUG org.springframework.boot.test.context.SpringBootTestContextBootstrapper - Neither @ContextConfiguration nor @ContextHierarchy found for test class [CourseManagementApplicationTests]: using SpringBootContextLoader
00:46:16.768 [main] DEBUG org.springframework.test.context.support.AbstractContextLoader - Could not detect default resource locations for test class [com.ozeryavuzaslan.soap.webservices.coursemanagement.coursemanagement.coursemanagement.CourseManagementApplicationTests]: no resource found for suffixes {-context.xml, Context.groovy}.
00:46:16.768 [main] INFO org.springframework.test.context.support.AnnotationConfigContextLoaderUtils - Could not detect default configuration classes for test class [com.ozeryavuzaslan.soap.webservices.coursemanagement.coursemanagement.coursemanagement.CourseManagementApplicationTests]: CourseManagementApplicationTests does not declare any static, non-private, non-final, nested classes annotated with @Configuration.
00:46:16.785 [main] DEBUG org.springframework.boot.test.context.SpringBootTestContextBootstrapper - Using ContextCustomizers for test class [CourseManagementApplicationTests]: [ExcludeFilterContextCustomizer, DuplicateJsonObjectContextCustomizer, MockitoContextCustomizer, TestRestTemplateContextCustomizer, DisableObservabilityContextCustomizer, PropertyMappingContextCustomizer, Customizer]
]]></system-out>
  </testcase>
</testsuite>